<?xml version="1.0" encoding="UTF-8"?>
<testsuite xmlns:xsi="http://www.w3.org/2001/XMLSchema-instance" xsi:noNamespaceSchemaLocation="https://maven.apache.org/surefire/maven-surefire-plugin/xsd/surefire-test-report.xsd" name="com.hxq.vueblog.VueblogApplicationTests" time="33.257" tests="1" errors="0" skipped="0" failures="0">
  <properties>
    <property name="sun.desktop" value="windows"/>
    <property name="awt.toolkit" value="sun.awt.windows.WToolkit"/>
    <property name="file.encoding.pkg" value="sun.io"/>
    <property name="java.specification.version" value="1.8"/>
    <property name="sun.cpu.isalist" value="amd64"/>
    <property name="sun.jnu.encoding" value="GBK"/>
    <property name="java.class.path" value="F:\idea workspace\vueblog\target\test-classes;F:\idea workspace\vueblog\target\classes;F:\maven\repmavenidea\org\springframework\boot\spring-boot-starter-web\2.2.6.RELEASE\spring-boot-starter-web-2.2.6.RELEASE.jar;F:\maven\repmavenidea\org\springframework\boot\spring-boot-starter\2.2.6.RELEASE\spring-boot-starter-2.2.6.RELEASE.jar;F:\maven\repmavenidea\org\springframework\boot\spring-boot-starter-logging\2.2.6.RELEASE\spring-boot-starter-logging-2.2.6.RELEASE.jar;F:\maven\repmavenidea\ch\qos\logback\logback-classic\1.2.3\logback-classic-1.2.3.jar;F:\maven\repmavenidea\ch\qos\logback\logback-core\1.2.3\logback-core-1.2.3.jar;F:\maven\repmavenidea\org\apache\logging\log4j\log4j-to-slf4j\2.12.1\log4j-to-slf4j-2.12.1.jar;F:\maven\repmavenidea\org\apache\logging\log4j\log4j-api\2.12.1\log4j-api-2.12.1.jar;F:\maven\repmavenidea\org\slf4j\jul-to-slf4j\1.7.30\jul-to-slf4j-1.7.30.jar;F:\maven\repmavenidea\jakarta\annotation\jakarta.annotation-api\1.3.5\jakarta.annotation-api-1.3.5.jar;F:\maven\repmavenidea\org\yaml\snakeyaml\1.25\snakeyaml-1.25.jar;F:\maven\repmavenidea\org\springframework\boot\spring-boot-starter-json\2.2.6.RELEASE\spring-boot-starter-json-2.2.6.RELEASE.jar;F:\maven\repmavenidea\com\fasterxml\jackson\datatype\jackson-datatype-jdk8\2.10.3\jackson-datatype-jdk8-2.10.3.jar;F:\maven\repmavenidea\com\fasterxml\jackson\datatype\jackson-datatype-jsr310\2.10.3\jackson-datatype-jsr310-2.10.3.jar;F:\maven\repmavenidea\com\fasterxml\jackson\module\jackson-module-parameter-names\2.10.3\jackson-module-parameter-names-2.10.3.jar;F:\maven\repmavenidea\org\springframework\boot\spring-boot-starter-tomcat\2.2.6.RELEASE\spring-boot-starter-tomcat-2.2.6.RELEASE.jar;F:\maven\repmavenidea\org\apache\tomcat\embed\tomcat-embed-core\9.0.33\tomcat-embed-core-9.0.33.jar;F:\maven\repmavenidea\org\apache\tomcat\embed\tomcat-embed-el\9.0.33\tomcat-embed-el-9.0.33.jar;F:\maven\repmavenidea\org\apache\tomcat\embed\tomcat-embed-websocket\9.0.33\tomcat-embed-websocket-9.0.33.jar;F:\maven\repmavenidea\org\springframework\boot\spring-boot-starter-validation\2.2.6.RELEASE\spring-boot-starter-validation-2.2.6.RELEASE.jar;F:\maven\repmavenidea\jakarta\validation\jakarta.validation-api\2.0.2\jakarta.validation-api-2.0.2.jar;F:\maven\repmavenidea\org\hibernate\validator\hibernate-validator\6.0.18.Final\hibernate-validator-6.0.18.Final.jar;F:\maven\repmavenidea\org\jboss\logging\jboss-logging\3.4.1.Final\jboss-logging-3.4.1.Final.jar;F:\maven\repmavenidea\com\fasterxml\classmate\1.5.1\classmate-1.5.1.jar;F:\maven\repmavenidea\org\springframework\spring-web\5.2.5.RELEASE\spring-web-5.2.5.RELEASE.jar;F:\maven\repmavenidea\org\springframework\spring-beans\5.2.5.RELEASE\spring-beans-5.2.5.RELEASE.jar;F:\maven\repmavenidea\org\springframework\spring-webmvc\5.2.5.RELEASE\spring-webmvc-5.2.5.RELEASE.jar;F:\maven\repmavenidea\org\springframework\spring-aop\5.2.5.RELEASE\spring-aop-5.2.5.RELEASE.jar;F:\maven\repmavenidea\org\springframework\spring-context\5.2.5.RELEASE\spring-context-5.2.5.RELEASE.jar;F:\maven\repmavenidea\org\springframework\spring-expression\5.2.5.RELEASE\spring-expression-5.2.5.RELEASE.jar;F:\maven\repmavenidea\org\springframework\boot\spring-boot-devtools\2.2.6.RELEASE\spring-boot-devtools-2.2.6.RELEASE.jar;F:\maven\repmavenidea\org\springframework\boot\spring-boot\2.2.6.RELEASE\spring-boot-2.2.6.RELEASE.jar;F:\maven\repmavenidea\org\springframework\boot\spring-boot-autoconfigure\2.2.6.RELEASE\spring-boot-autoconfigure-2.2.6.RELEASE.jar;F:\maven\repmavenidea\mysql\mysql-connector-java\8.0.19\mysql-connector-java-8.0.19.jar;F:\maven\repmavenidea\org\projectlombok\lombok\1.18.12\lombok-1.18.12.jar;F:\maven\repmavenidea\org\springframework\boot\spring-boot-starter-test\2.2.6.RELEASE\spring-boot-starter-test-2.2.6.RELEASE.jar;F:\maven\repmavenidea\org\springframework\boot\spring-boot-test\2.2.6.RELEASE\spring-boot-test-2.2.6.RELEASE.jar;F:\maven\repmavenidea\org\springframework\boot\spring-boot-test-autoconfigure\2.2.6.RELEASE\spring-boot-test-autoconfigure-2.2.6.RELEASE.jar;F:\maven\repmavenidea\com\jayway\jsonpath\json-path\2.4.0\json-path-2.4.0.jar;F:\maven\repmavenidea\net\minidev\json-smart\2.3\json-smart-2.3.jar;F:\maven\repmavenidea\net\minidev\accessors-smart\1.2\accessors-smart-1.2.jar;F:\maven\repmavenidea\org\ow2\asm\asm\5.0.4\asm-5.0.4.jar;F:\maven\repmavenidea\org\slf4j\slf4j-api\1.7.30\slf4j-api-1.7.30.jar;F:\maven\repmavenidea\jakarta\xml\bind\jakarta.xml.bind-api\2.3.3\jakarta.xml.bind-api-2.3.3.jar;F:\maven\repmavenidea\jakarta\activation\jakarta.activation-api\1.2.2\jakarta.activation-api-1.2.2.jar;F:\maven\repmavenidea\org\junit\jupiter\junit-jupiter\5.5.2\junit-jupiter-5.5.2.jar;F:\maven\repmavenidea\org\junit\jupiter\junit-jupiter-api\5.5.2\junit-jupiter-api-5.5.2.jar;F:\maven\repmavenidea\org\apiguardian\apiguardian-api\1.1.0\apiguardian-api-1.1.0.jar;F:\maven\repmavenidea\org\opentest4j\opentest4j\1.2.0\opentest4j-1.2.0.jar;F:\maven\repmavenidea\org\junit\platform\junit-platform-commons\1.5.2\junit-platform-commons-1.5.2.jar;F:\maven\repmavenidea\org\junit\jupiter\junit-jupiter-params\5.5.2\junit-jupiter-params-5.5.2.jar;F:\maven\repmavenidea\org\junit\jupiter\junit-jupiter-engine\5.5.2\junit-jupiter-engine-5.5.2.jar;F:\maven\repmavenidea\org\junit\platform\junit-platform-engine\1.5.2\junit-platform-engine-1.5.2.jar;F:\maven\repmavenidea\org\mockito\mockito-junit-jupiter\3.1.0\mockito-junit-jupiter-3.1.0.jar;F:\maven\repmavenidea\org\assertj\assertj-core\3.13.2\assertj-core-3.13.2.jar;F:\maven\repmavenidea\org\hamcrest\hamcrest\2.1\hamcrest-2.1.jar;F:\maven\repmavenidea\org\mockito\mockito-core\3.1.0\mockito-core-3.1.0.jar;F:\maven\repmavenidea\net\bytebuddy\byte-buddy\1.10.8\byte-buddy-1.10.8.jar;F:\maven\repmavenidea\net\bytebuddy\byte-buddy-agent\1.10.8\byte-buddy-agent-1.10.8.jar;F:\maven\repmavenidea\org\objenesis\objenesis\2.6\objenesis-2.6.jar;F:\maven\repmavenidea\org\skyscreamer\jsonassert\1.5.0\jsonassert-1.5.0.jar;F:\maven\repmavenidea\com\vaadin\external\google\android-json\0.0.20131108.vaadin1\android-json-0.0.20131108.vaadin1.jar;F:\maven\repmavenidea\org\springframework\spring-core\5.2.5.RELEASE\spring-core-5.2.5.RELEASE.jar;F:\maven\repmavenidea\org\springframework\spring-jcl\5.2.5.RELEASE\spring-jcl-5.2.5.RELEASE.jar;F:\maven\repmavenidea\org\springframework\spring-test\5.2.5.RELEASE\spring-test-5.2.5.RELEASE.jar;F:\maven\repmavenidea\org\xmlunit\xmlunit-core\2.6.4\xmlunit-core-2.6.4.jar;F:\maven\repmavenidea\com\baomidou\mybatis-plus-boot-starter\3.0.5\mybatis-plus-boot-starter-3.0.5.jar;F:\maven\repmavenidea\com\baomidou\mybatis-plus\3.0.5\mybatis-plus-3.0.5.jar;F:\maven\repmavenidea\com\baomidou\mybatis-plus-extension\3.0.5\mybatis-plus-extension-3.0.5.jar;F:\maven\repmavenidea\com\baomidou\mybatis-plus-core\3.0.5\mybatis-plus-core-3.0.5.jar;F:\maven\repmavenidea\com\baomidou\mybatis-plus-annotation\3.0.5\mybatis-plus-annotation-3.0.5.jar;F:\maven\repmavenidea\com\github\jsqlparser\jsqlparser\1.2\jsqlparser-1.2.jar;F:\maven\repmavenidea\org\mybatis\mybatis-spring\1.3.2\mybatis-spring-1.3.2.jar;F:\maven\repmavenidea\org\mybatis\mybatis\3.4.6\mybatis-3.4.6.jar;F:\maven\repmavenidea\com\baomidou\mybatis-plus-generator\3.0.5\mybatis-plus-generator-3.0.5.jar;F:\maven\repmavenidea\org\springframework\boot\spring-boot-starter-jdbc\2.2.6.RELEASE\spring-boot-starter-jdbc-2.2.6.RELEASE.jar;F:\maven\repmavenidea\com\zaxxer\HikariCP\3.4.2\HikariCP-3.4.2.jar;F:\maven\repmavenidea\org\springframework\spring-jdbc\5.2.5.RELEASE\spring-jdbc-5.2.5.RELEASE.jar;F:\maven\repmavenidea\org\springframework\spring-tx\5.2.5.RELEASE\spring-tx-5.2.5.RELEASE.jar;F:\maven\repmavenidea\org\springframework\boot\spring-boot-configuration-processor\2.2.6.RELEASE\spring-boot-configuration-processor-2.2.6.RELEASE.jar;F:\maven\repmavenidea\org\springframework\boot\spring-boot-starter-freemarker\2.2.6.RELEASE\spring-boot-starter-freemarker-2.2.6.RELEASE.jar;F:\maven\repmavenidea\org\freemarker\freemarker\2.3.30\freemarker-2.3.30.jar;F:\maven\repmavenidea\org\springframework\spring-context-support\5.2.5.RELEASE\spring-context-support-5.2.5.RELEASE.jar;F:\maven\repmavenidea\org\crazycake\shiro-redis-spring-boot-starter\3.3.1\shiro-redis-spring-boot-starter-3.3.1.jar;F:\maven\repmavenidea\org\crazycake\shiro-redis\3.3.1\shiro-redis-3.3.1.jar;F:\maven\repmavenidea\redis\clients\jedis\3.1.0\jedis-3.1.0.jar;F:\maven\repmavenidea\org\apache\commons\commons-pool2\2.7.0\commons-pool2-2.7.0.jar;F:\maven\repmavenidea\org\apache\shiro\shiro-core\1.6.0\shiro-core-1.6.0.jar;F:\maven\repmavenidea\org\apache\shiro\shiro-lang\1.6.0\shiro-lang-1.6.0.jar;F:\maven\repmavenidea\org\apache\shiro\shiro-cache\1.6.0\shiro-cache-1.6.0.jar;F:\maven\repmavenidea\org\apache\shiro\shiro-crypto-hash\1.6.0\shiro-crypto-hash-1.6.0.jar;F:\maven\repmavenidea\org\apache\shiro\shiro-crypto-core\1.6.0\shiro-crypto-core-1.6.0.jar;F:\maven\repmavenidea\org\apache\shiro\shiro-crypto-cipher\1.6.0\shiro-crypto-cipher-1.6.0.jar;F:\maven\repmavenidea\org\apache\shiro\shiro-config-core\1.6.0\shiro-config-core-1.6.0.jar;F:\maven\repmavenidea\org\apache\shiro\shiro-config-ogdl\1.6.0\shiro-config-ogdl-1.6.0.jar;F:\maven\repmavenidea\commons-beanutils\commons-beanutils\1.9.4\commons-beanutils-1.9.4.jar;F:\maven\repmavenidea\org\apache\shiro\shiro-event\1.6.0\shiro-event-1.6.0.jar;F:\maven\repmavenidea\org\apache\maven\plugins\maven-checkstyle-plugin\3.1.0\maven-checkstyle-plugin-3.1.0.jar;F:\maven\repmavenidea\org\apache\maven\maven-artifact\3.0\maven-artifact-3.0.jar;F:\maven\repmavenidea\org\apache\maven\maven-core\3.0\maven-core-3.0.jar;F:\maven\repmavenidea\org\apache\maven\maven-settings-builder\3.0\maven-settings-builder-3.0.jar;F:\maven\repmavenidea\org\apache\maven\maven-repository-metadata\3.0\maven-repository-metadata-3.0.jar;F:\maven\repmavenidea\org\apache\maven\maven-model-builder\3.0\maven-model-builder-3.0.jar;F:\maven\repmavenidea\org\apache\maven\maven-aether-provider\3.0\maven-aether-provider-3.0.jar;F:\maven\repmavenidea\org\sonatype\aether\aether-impl\1.7\aether-impl-1.7.jar;F:\maven\repmavenidea\org\sonatype\aether\aether-spi\1.7\aether-spi-1.7.jar;F:\maven\repmavenidea\org\sonatype\aether\aether-api\1.7\aether-api-1.7.jar;F:\maven\repmavenidea\org\sonatype\aether\aether-util\1.7\aether-util-1.7.jar;F:\maven\repmavenidea\org\sonatype\sisu\sisu-inject-plexus\1.4.2\sisu-inject-plexus-1.4.2.jar;F:\maven\repmavenidea\org\sonatype\sisu\sisu-inject-bean\1.4.2\sisu-inject-bean-1.4.2.jar;F:\maven\repmavenidea\org\sonatype\sisu\sisu-guice\2.1.7\sisu-guice-2.1.7-noaop.jar;F:\maven\repmavenidea\org\codehaus\plexus\plexus-classworlds\2.2.3\plexus-classworlds-2.2.3.jar;F:\maven\repmavenidea\org\sonatype\plexus\plexus-sec-dispatcher\1.3\plexus-sec-dispatcher-1.3.jar;F:\maven\repmavenidea\org\sonatype\plexus\plexus-cipher\1.4\plexus-cipher-1.4.jar;F:\maven\repmavenidea\org\apache\maven\maven-model\3.0\maven-model-3.0.jar;F:\maven\repmavenidea\org\apache\maven\maven-plugin-api\3.0\maven-plugin-api-3.0.jar;F:\maven\repmavenidea\org\apache\maven\reporting\maven-reporting-api\3.0\maven-reporting-api-3.0.jar;F:\maven\repmavenidea\org\apache\maven\reporting\maven-reporting-impl\2.3\maven-reporting-impl-2.3.jar;F:\maven\repmavenidea\org\apache\maven\shared\maven-shared-utils\0.6\maven-shared-utils-0.6.jar;F:\maven\repmavenidea\com\google\code\findbugs\jsr305\2.0.1\jsr305-2.0.1.jar;F:\maven\repmavenidea\org\apache\maven\doxia\doxia-core\1.2\doxia-core-1.2.jar;F:\maven\repmavenidea\xerces\xercesImpl\2.9.1\xercesImpl-2.9.1.jar;F:\maven\repmavenidea\xml-apis\xml-apis\1.3.04\xml-apis-1.3.04.jar;F:\maven\repmavenidea\commons-validator\commons-validator\1.3.1\commons-validator-1.3.1.jar;F:\maven\repmavenidea\commons-digester\commons-digester\1.6\commons-digester-1.6.jar;F:\maven\repmavenidea\commons-logging\commons-logging\1.0.4\commons-logging-1.0.4.jar;F:\maven\repmavenidea\org\apache\maven\doxia\doxia-sink-api\1.4\doxia-sink-api-1.4.jar;F:\maven\repmavenidea\org\apache\maven\doxia\doxia-logging-api\1.4\doxia-logging-api-1.4.jar;F:\maven\repmavenidea\org\apache\maven\doxia\doxia-decoration-model\1.4\doxia-decoration-model-1.4.jar;F:\maven\repmavenidea\org\apache\maven\doxia\doxia-site-renderer\1.4\doxia-site-renderer-1.4.jar;F:\maven\repmavenidea\org\apache\maven\doxia\doxia-module-xhtml\1.4\doxia-module-xhtml-1.4.jar;F:\maven\repmavenidea\org\apache\maven\doxia\doxia-module-fml\1.4\doxia-module-fml-1.4.jar;F:\maven\repmavenidea\org\codehaus\plexus\plexus-i18n\1.0-beta-7\plexus-i18n-1.0-beta-7.jar;F:\maven\repmavenidea\org\apache\velocity\velocity-tools\2.0\velocity-tools-2.0.jar;F:\maven\repmavenidea\commons-chain\commons-chain\1.1\commons-chain-1.1.jar;F:\maven\repmavenidea\dom4j\dom4j\1.1\dom4j-1.1.jar;F:\maven\repmavenidea\sslext\sslext\1.2-0\sslext-1.2-0.jar;F:\maven\repmavenidea\org\apache\struts\struts-core\1.3.8\struts-core-1.3.8.jar;F:\maven\repmavenidea\org\apache\struts\struts-taglib\1.3.8\struts-taglib-1.3.8.jar;F:\maven\repmavenidea\org\apache\struts\struts-tiles\1.3.8\struts-tiles-1.3.8.jar;F:\maven\repmavenidea\org\apache\maven\doxia\doxia-integration-tools\1.6\doxia-integration-tools-1.6.jar;F:\maven\repmavenidea\org\codehaus\plexus\plexus-container-default\1.0-alpha-9\plexus-container-default-1.0-alpha-9.jar;F:\maven\repmavenidea\junit\junit\4.12\junit-4.12.jar;F:\maven\repmavenidea\org\hamcrest\hamcrest-core\2.1\hamcrest-core-2.1.jar;F:\maven\repmavenidea\classworlds\classworlds\1.1-alpha-2\classworlds-1.1-alpha-2.jar;F:\maven\repmavenidea\org\codehaus\plexus\plexus-component-annotations\1.7.1\plexus-component-annotations-1.7.1.jar;F:\maven\repmavenidea\org\codehaus\plexus\plexus-resources\1.1.0\plexus-resources-1.1.0.jar;F:\maven\repmavenidea\org\codehaus\plexus\plexus-utils\3.0.24\plexus-utils-3.0.24.jar;F:\maven\repmavenidea\org\codehaus\plexus\plexus-interpolation\1.24\plexus-interpolation-1.24.jar;F:\maven\repmavenidea\org\codehaus\plexus\plexus-velocity\1.1.8\plexus-velocity-1.1.8.jar;F:\maven\repmavenidea\com\puppycrawl\tools\checkstyle\8.19\checkstyle-8.19.jar;F:\maven\repmavenidea\info\picocli\picocli\3.9.5\picocli-3.9.5.jar;F:\maven\repmavenidea\antlr\antlr\2.7.7\antlr-2.7.7.jar;F:\maven\repmavenidea\org\antlr\antlr4-runtime\4.7.2\antlr4-runtime-4.7.2.jar;F:\maven\repmavenidea\com\google\guava\guava\27.1-jre\guava-27.1-jre.jar;F:\maven\repmavenidea\com\google\guava\failureaccess\1.0.1\failureaccess-1.0.1.jar;F:\maven\repmavenidea\com\google\guava\listenablefuture\9999.0-empty-to-avoid-conflict-with-guava\listenablefuture-9999.0-empty-to-avoid-conflict-with-guava.jar;F:\maven\repmavenidea\org\checkerframework\checker-qual\2.5.2\checker-qual-2.5.2.jar;F:\maven\repmavenidea\com\google\errorprone\error_prone_annotations\2.2.0\error_prone_annotations-2.2.0.jar;F:\maven\repmavenidea\com\google\j2objc\j2objc-annotations\1.1\j2objc-annotations-1.1.jar;F:\maven\repmavenidea\org\codehaus\mojo\animal-sniffer-annotations\1.17\animal-sniffer-annotations-1.17.jar;F:\maven\repmavenidea\net\sf\saxon\Saxon-HE\9.9.1-2\Saxon-HE-9.9.1-2.jar;F:\maven\repmavenidea\com\ibm\icu\icu4j\63.1\icu4j-63.1.jar;F:\maven\repmavenidea\org\apache\velocity\velocity\1.5\velocity-1.5.jar;F:\maven\repmavenidea\commons-lang\commons-lang\2.1\commons-lang-2.1.jar;F:\maven\repmavenidea\oro\oro\2.0.8\oro-2.0.8.jar;F:\maven\repmavenidea\commons-collections\commons-collections\3.2.1\commons-collections-3.2.1.jar;F:\maven\repmavenidea\org\apache\maven\plugins\maven-source-plugin\3.2.1\maven-source-plugin-3.2.1.jar;F:\maven\repmavenidea\org\apache\maven\maven-archiver\3.5.0\maven-archiver-3.5.0.jar;F:\maven\repmavenidea\org\codehaus\plexus\plexus-archiver\4.2.1\plexus-archiver-4.2.1.jar;F:\maven\repmavenidea\org\apache\commons\commons-compress\1.19\commons-compress-1.19.jar;F:\maven\repmavenidea\org\iq80\snappy\snappy\0.4\snappy-0.4.jar;F:\maven\repmavenidea\org\tukaani\xz\1.8\xz-1.8.jar;F:\maven\repmavenidea\org\apache\maven\plugins\maven-javadoc-plugin\3.2.0\maven-javadoc-plugin-3.2.0.jar;F:\maven\repmavenidea\org\apache\maven\maven-settings\3.0\maven-settings-3.0.jar;F:\maven\repmavenidea\org\apache\maven\shared\maven-invoker\3.0.0\maven-invoker-3.0.0.jar;F:\maven\repmavenidea\org\apache\maven\shared\maven-common-artifact-filters\3.0.0\maven-common-artifact-filters-3.0.0.jar;F:\maven\repmavenidea\org\apache\maven\shared\maven-artifact-transfer\0.10.1\maven-artifact-transfer-0.10.1.jar;F:\maven\repmavenidea\commons-codec\commons-codec\1.13\commons-codec-1.13.jar;F:\maven\repmavenidea\org\apache\maven\wagon\wagon-provider-api\2.4\wagon-provider-api-2.4.jar;F:\maven\repmavenidea\org\apache\commons\commons-lang3\3.9\commons-lang3-3.9.jar;F:\maven\repmavenidea\commons-io\commons-io\2.5\commons-io-2.5.jar;F:\maven\repmavenidea\org\apache\httpcomponents\httpclient\4.5.12\httpclient-4.5.12.jar;F:\maven\repmavenidea\org\apache\httpcomponents\httpcore\4.4.13\httpcore-4.4.13.jar;F:\maven\repmavenidea\com\thoughtworks\qdox\qdox\2.0-M10\qdox-2.0-M10.jar;F:\maven\repmavenidea\org\codehaus\plexus\plexus-java\1.0.5\plexus-java-1.0.5.jar;F:\maven\repmavenidea\org\codehaus\plexus\plexus-io\3.2.0\plexus-io-3.2.0.jar;F:\maven\repmavenidea\org\codehaus\plexus\plexus-interactivity-api\1.0-alpha-6\plexus-interactivity-api-1.0-alpha-6.jar;F:\maven\repmavenidea\org\apache\maven\plugins\maven-surefire-plugin\2.22.0\maven-surefire-plugin-2.22.0.jar;F:\maven\repmavenidea\org\apache\maven\surefire\maven-surefire-common\2.22.0\maven-surefire-common-2.22.0.jar;F:\maven\repmavenidea\org\apache\maven\plugin-tools\maven-plugin-annotations\3.5\maven-plugin-annotations-3.5.jar;F:\maven\repmavenidea\org\apache\maven\surefire\surefire-api\2.22.0\surefire-api-2.22.0.jar;F:\maven\repmavenidea\org\apache\maven\surefire\surefire-logger-api\2.22.0\surefire-logger-api-2.22.0.jar;F:\maven\repmavenidea\org\apache\maven\surefire\surefire-booter\2.22.0\surefire-booter-2.22.0.jar;F:\maven\repmavenidea\org\apache\maven\maven-plugin-descriptor\2.2.1\maven-plugin-descriptor-2.2.1.jar;F:\maven\repmavenidea\org\apache\maven\maven-project\2.2.1\maven-project-2.2.1.jar;F:\maven\repmavenidea\org\apache\maven\maven-profile\2.2.1\maven-profile-2.2.1.jar;F:\maven\repmavenidea\org\apache\maven\maven-artifact-manager\2.2.1\maven-artifact-manager-2.2.1.jar;F:\maven\repmavenidea\backport-util-concurrent\backport-util-concurrent\3.1\backport-util-concurrent-3.1.jar;F:\maven\repmavenidea\org\apache\maven\maven-plugin-registry\2.2.1\maven-plugin-registry-2.2.1.jar;F:\maven\repmavenidea\org\apache\maven\maven-toolchain\2.2.1\maven-toolchain-2.2.1.jar;F:\maven\repmavenidea\org\apache\shiro\shiro-spring-boot-web-starter\1.6.0\shiro-spring-boot-web-starter-1.6.0.jar;F:\maven\repmavenidea\org\apache\shiro\shiro-spring-boot-starter\1.6.0\shiro-spring-boot-starter-1.6.0.jar;F:\maven\repmavenidea\org\apache\shiro\shiro-spring\1.6.0\shiro-spring-1.6.0.jar;F:\maven\repmavenidea\org\apache\shiro\shiro-web\1.6.0\shiro-web-1.6.0.jar;F:\maven\repmavenidea\org\owasp\encoder\encoder\1.2.2\encoder-1.2.2.jar;F:\maven\repmavenidea\cn\hutool\hutool-all\5.3.3\hutool-all-5.3.3.jar;F:\maven\repmavenidea\io\jsonwebtoken\jjwt\0.9.1\jjwt-0.9.1.jar;F:\maven\repmavenidea\com\fasterxml\jackson\core\jackson-databind\2.10.3\jackson-databind-2.10.3.jar;F:\maven\repmavenidea\com\fasterxml\jackson\core\jackson-annotations\2.10.3\jackson-annotations-2.10.3.jar;F:\maven\repmavenidea\com\fasterxml\jackson\core\jackson-core\2.10.3\jackson-core-2.10.3.jar;"/>
    <property name="java.vm.vendor" value="Oracle Corporation"/>
    <property name="sun.arch.data.model" value="64"/>
    <property name="user.variant" value=""/>
    <property name="java.vendor.url" value="http://java.oracle.com/"/>
    <property name="user.timezone" value="Asia/Shanghai"/>
    <property name="java.vm.specification.version" value="1.8"/>
    <property name="os.name" value="Windows 10"/>
    <property name="user.country" value="CN"/>
    <property name="sun.java.launcher" value="SUN_STANDARD"/>
    <property name="sun.boot.library.path" value="C:\Program Files\Java\jre1.8.0_231\bin"/>
    <property name="sun.java.command" value="C:\Users\ADMINI~1\AppData\Local\Temp\surefire404134750760165253\surefirebooter5011326089571539150.jar C:\Users\Administrator\AppData\Local\Temp\surefire404134750760165253 2021-01-22T18-18-18_745-jvmRun1 surefire3307014416244394528tmp surefire_08936290343181577511tmp"/>
    <property name="surefire.test.class.path" value="F:\idea workspace\vueblog\target\test-classes;F:\idea workspace\vueblog\target\classes;F:\maven\repmavenidea\org\springframework\boot\spring-boot-starter-web\2.2.6.RELEASE\spring-boot-starter-web-2.2.6.RELEASE.jar;F:\maven\repmavenidea\org\springframework\boot\spring-boot-starter\2.2.6.RELEASE\spring-boot-starter-2.2.6.RELEASE.jar;F:\maven\repmavenidea\org\springframework\boot\spring-boot-starter-logging\2.2.6.RELEASE\spring-boot-starter-logging-2.2.6.RELEASE.jar;F:\maven\repmavenidea\ch\qos\logback\logback-classic\1.2.3\logback-classic-1.2.3.jar;F:\maven\repmavenidea\ch\qos\logback\logback-core\1.2.3\logback-core-1.2.3.jar;F:\maven\repmavenidea\org\apache\logging\log4j\log4j-to-slf4j\2.12.1\log4j-to-slf4j-2.12.1.jar;F:\maven\repmavenidea\org\apache\logging\log4j\log4j-api\2.12.1\log4j-api-2.12.1.jar;F:\maven\repmavenidea\org\slf4j\jul-to-slf4j\1.7.30\jul-to-slf4j-1.7.30.jar;F:\maven\repmavenidea\jakarta\annotation\jakarta.annotation-api\1.3.5\jakarta.annotation-api-1.3.5.jar;F:\maven\repmavenidea\org\yaml\snakeyaml\1.25\snakeyaml-1.25.jar;F:\maven\repmavenidea\org\springframework\boot\spring-boot-starter-json\2.2.6.RELEASE\spring-boot-starter-json-2.2.6.RELEASE.jar;F:\maven\repmavenidea\com\fasterxml\jackson\datatype\jackson-datatype-jdk8\2.10.3\jackson-datatype-jdk8-2.10.3.jar;F:\maven\repmavenidea\com\fasterxml\jackson\datatype\jackson-datatype-jsr310\2.10.3\jackson-datatype-jsr310-2.10.3.jar;F:\maven\repmavenidea\com\fasterxml\jackson\module\jackson-module-parameter-names\2.10.3\jackson-module-parameter-names-2.10.3.jar;F:\maven\repmavenidea\org\springframework\boot\spring-boot-starter-tomcat\2.2.6.RELEASE\spring-boot-starter-tomcat-2.2.6.RELEASE.jar;F:\maven\repmavenidea\org\apache\tomcat\embed\tomcat-embed-core\9.0.33\tomcat-embed-core-9.0.33.jar;F:\maven\repmavenidea\org\apache\tomcat\embed\tomcat-embed-el\9.0.33\tomcat-embed-el-9.0.33.jar;F:\maven\repmavenidea\org\apache\tomcat\embed\tomcat-embed-websocket\9.0.33\tomcat-embed-websocket-9.0.33.jar;F:\maven\repmavenidea\org\springframework\boot\spring-boot-starter-validation\2.2.6.RELEASE\spring-boot-starter-validation-2.2.6.RELEASE.jar;F:\maven\repmavenidea\jakarta\validation\jakarta.validation-api\2.0.2\jakarta.validation-api-2.0.2.jar;F:\maven\repmavenidea\org\hibernate\validator\hibernate-validator\6.0.18.Final\hibernate-validator-6.0.18.Final.jar;F:\maven\repmavenidea\org\jboss\logging\jboss-logging\3.4.1.Final\jboss-logging-3.4.1.Final.jar;F:\maven\repmavenidea\com\fasterxml\classmate\1.5.1\classmate-1.5.1.jar;F:\maven\repmavenidea\org\springframework\spring-web\5.2.5.RELEASE\spring-web-5.2.5.RELEASE.jar;F:\maven\repmavenidea\org\springframework\spring-beans\5.2.5.RELEASE\spring-beans-5.2.5.RELEASE.jar;F:\maven\repmavenidea\org\springframework\spring-webmvc\5.2.5.RELEASE\spring-webmvc-5.2.5.RELEASE.jar;F:\maven\repmavenidea\org\springframework\spring-aop\5.2.5.RELEASE\spring-aop-5.2.5.RELEASE.jar;F:\maven\repmavenidea\org\springframework\spring-context\5.2.5.RELEASE\spring-context-5.2.5.RELEASE.jar;F:\maven\repmavenidea\org\springframework\spring-expression\5.2.5.RELEASE\spring-expression-5.2.5.RELEASE.jar;F:\maven\repmavenidea\org\springframework\boot\spring-boot-devtools\2.2.6.RELEASE\spring-boot-devtools-2.2.6.RELEASE.jar;F:\maven\repmavenidea\org\springframework\boot\spring-boot\2.2.6.RELEASE\spring-boot-2.2.6.RELEASE.jar;F:\maven\repmavenidea\org\springframework\boot\spring-boot-autoconfigure\2.2.6.RELEASE\spring-boot-autoconfigure-2.2.6.RELEASE.jar;F:\maven\repmavenidea\mysql\mysql-connector-java\8.0.19\mysql-connector-java-8.0.19.jar;F:\maven\repmavenidea\org\projectlombok\lombok\1.18.12\lombok-1.18.12.jar;F:\maven\repmavenidea\org\springframework\boot\spring-boot-starter-test\2.2.6.RELEASE\spring-boot-starter-test-2.2.6.RELEASE.jar;F:\maven\repmavenidea\org\springframework\boot\spring-boot-test\2.2.6.RELEASE\spring-boot-test-2.2.6.RELEASE.jar;F:\maven\repmavenidea\org\springframework\boot\spring-boot-test-autoconfigure\2.2.6.RELEASE\spring-boot-test-autoconfigure-2.2.6.RELEASE.jar;F:\maven\repmavenidea\com\jayway\jsonpath\json-path\2.4.0\json-path-2.4.0.jar;F:\maven\repmavenidea\net\minidev\json-smart\2.3\json-smart-2.3.jar;F:\maven\repmavenidea\net\minidev\accessors-smart\1.2\accessors-smart-1.2.jar;F:\maven\repmavenidea\org\ow2\asm\asm\5.0.4\asm-5.0.4.jar;F:\maven\repmavenidea\org\slf4j\slf4j-api\1.7.30\slf4j-api-1.7.30.jar;F:\maven\repmavenidea\jakarta\xml\bind\jakarta.xml.bind-api\2.3.3\jakarta.xml.bind-api-2.3.3.jar;F:\maven\repmavenidea\jakarta\activation\jakarta.activation-api\1.2.2\jakarta.activation-api-1.2.2.jar;F:\maven\repmavenidea\org\junit\jupiter\junit-jupiter\5.5.2\junit-jupiter-5.5.2.jar;F:\maven\repmavenidea\org\junit\jupiter\junit-jupiter-api\5.5.2\junit-jupiter-api-5.5.2.jar;F:\maven\repmavenidea\org\apiguardian\apiguardian-api\1.1.0\apiguardian-api-1.1.0.jar;F:\maven\repmavenidea\org\opentest4j\opentest4j\1.2.0\opentest4j-1.2.0.jar;F:\maven\repmavenidea\org\junit\platform\junit-platform-commons\1.5.2\junit-platform-commons-1.5.2.jar;F:\maven\repmavenidea\org\junit\jupiter\junit-jupiter-params\5.5.2\junit-jupiter-params-5.5.2.jar;F:\maven\repmavenidea\org\junit\jupiter\junit-jupiter-engine\5.5.2\junit-jupiter-engine-5.5.2.jar;F:\maven\repmavenidea\org\junit\platform\junit-platform-engine\1.5.2\junit-platform-engine-1.5.2.jar;F:\maven\repmavenidea\org\mockito\mockito-junit-jupiter\3.1.0\mockito-junit-jupiter-3.1.0.jar;F:\maven\repmavenidea\org\assertj\assertj-core\3.13.2\assertj-core-3.13.2.jar;F:\maven\repmavenidea\org\hamcrest\hamcrest\2.1\hamcrest-2.1.jar;F:\maven\repmavenidea\org\mockito\mockito-core\3.1.0\mockito-core-3.1.0.jar;F:\maven\repmavenidea\net\bytebuddy\byte-buddy\1.10.8\byte-buddy-1.10.8.jar;F:\maven\repmavenidea\net\bytebuddy\byte-buddy-agent\1.10.8\byte-buddy-agent-1.10.8.jar;F:\maven\repmavenidea\org\objenesis\objenesis\2.6\objenesis-2.6.jar;F:\maven\repmavenidea\org\skyscreamer\jsonassert\1.5.0\jsonassert-1.5.0.jar;F:\maven\repmavenidea\com\vaadin\external\google\android-json\0.0.20131108.vaadin1\android-json-0.0.20131108.vaadin1.jar;F:\maven\repmavenidea\org\springframework\spring-core\5.2.5.RELEASE\spring-core-5.2.5.RELEASE.jar;F:\maven\repmavenidea\org\springframework\spring-jcl\5.2.5.RELEASE\spring-jcl-5.2.5.RELEASE.jar;F:\maven\repmavenidea\org\springframework\spring-test\5.2.5.RELEASE\spring-test-5.2.5.RELEASE.jar;F:\maven\repmavenidea\org\xmlunit\xmlunit-core\2.6.4\xmlunit-core-2.6.4.jar;F:\maven\repmavenidea\com\baomidou\mybatis-plus-boot-starter\3.0.5\mybatis-plus-boot-starter-3.0.5.jar;F:\maven\repmavenidea\com\baomidou\mybatis-plus\3.0.5\mybatis-plus-3.0.5.jar;F:\maven\repmavenidea\com\baomidou\mybatis-plus-extension\3.0.5\mybatis-plus-extension-3.0.5.jar;F:\maven\repmavenidea\com\baomidou\mybatis-plus-core\3.0.5\mybatis-plus-core-3.0.5.jar;F:\maven\repmavenidea\com\baomidou\mybatis-plus-annotation\3.0.5\mybatis-plus-annotation-3.0.5.jar;F:\maven\repmavenidea\com\github\jsqlparser\jsqlparser\1.2\jsqlparser-1.2.jar;F:\maven\repmavenidea\org\mybatis\mybatis-spring\1.3.2\mybatis-spring-1.3.2.jar;F:\maven\repmavenidea\org\mybatis\mybatis\3.4.6\mybatis-3.4.6.jar;F:\maven\repmavenidea\com\baomidou\mybatis-plus-generator\3.0.5\mybatis-plus-generator-3.0.5.jar;F:\maven\repmavenidea\org\springframework\boot\spring-boot-starter-jdbc\2.2.6.RELEASE\spring-boot-starter-jdbc-2.2.6.RELEASE.jar;F:\maven\repmavenidea\com\zaxxer\HikariCP\3.4.2\HikariCP-3.4.2.jar;F:\maven\repmavenidea\org\springframework\spring-jdbc\5.2.5.RELEASE\spring-jdbc-5.2.5.RELEASE.jar;F:\maven\repmavenidea\org\springframework\spring-tx\5.2.5.RELEASE\spring-tx-5.2.5.RELEASE.jar;F:\maven\repmavenidea\org\springframework\boot\spring-boot-configuration-processor\2.2.6.RELEASE\spring-boot-configuration-processor-2.2.6.RELEASE.jar;F:\maven\repmavenidea\org\springframework\boot\spring-boot-starter-freemarker\2.2.6.RELEASE\spring-boot-starter-freemarker-2.2.6.RELEASE.jar;F:\maven\repmavenidea\org\freemarker\freemarker\2.3.30\freemarker-2.3.30.jar;F:\maven\repmavenidea\org\springframework\spring-context-support\5.2.5.RELEASE\spring-context-support-5.2.5.RELEASE.jar;F:\maven\repmavenidea\org\crazycake\shiro-redis-spring-boot-starter\3.3.1\shiro-redis-spring-boot-starter-3.3.1.jar;F:\maven\repmavenidea\org\crazycake\shiro-redis\3.3.1\shiro-redis-3.3.1.jar;F:\maven\repmavenidea\redis\clients\jedis\3.1.0\jedis-3.1.0.jar;F:\maven\repmavenidea\org\apache\commons\commons-pool2\2.7.0\commons-pool2-2.7.0.jar;F:\maven\repmavenidea\org\apache\shiro\shiro-core\1.6.0\shiro-core-1.6.0.jar;F:\maven\repmavenidea\org\apache\shiro\shiro-lang\1.6.0\shiro-lang-1.6.0.jar;F:\maven\repmavenidea\org\apache\shiro\shiro-cache\1.6.0\shiro-cache-1.6.0.jar;F:\maven\repmavenidea\org\apache\shiro\shiro-crypto-hash\1.6.0\shiro-crypto-hash-1.6.0.jar;F:\maven\repmavenidea\org\apache\shiro\shiro-crypto-core\1.6.0\shiro-crypto-core-1.6.0.jar;F:\maven\repmavenidea\org\apache\shiro\shiro-crypto-cipher\1.6.0\shiro-crypto-cipher-1.6.0.jar;F:\maven\repmavenidea\org\apache\shiro\shiro-config-core\1.6.0\shiro-config-core-1.6.0.jar;F:\maven\repmavenidea\org\apache\shiro\shiro-config-ogdl\1.6.0\shiro-config-ogdl-1.6.0.jar;F:\maven\repmavenidea\commons-beanutils\commons-beanutils\1.9.4\commons-beanutils-1.9.4.jar;F:\maven\repmavenidea\org\apache\shiro\shiro-event\1.6.0\shiro-event-1.6.0.jar;F:\maven\repmavenidea\org\apache\maven\plugins\maven-checkstyle-plugin\3.1.0\maven-checkstyle-plugin-3.1.0.jar;F:\maven\repmavenidea\org\apache\maven\maven-artifact\3.0\maven-artifact-3.0.jar;F:\maven\repmavenidea\org\apache\maven\maven-core\3.0\maven-core-3.0.jar;F:\maven\repmavenidea\org\apache\maven\maven-settings-builder\3.0\maven-settings-builder-3.0.jar;F:\maven\repmavenidea\org\apache\maven\maven-repository-metadata\3.0\maven-repository-metadata-3.0.jar;F:\maven\repmavenidea\org\apache\maven\maven-model-builder\3.0\maven-model-builder-3.0.jar;F:\maven\repmavenidea\org\apache\maven\maven-aether-provider\3.0\maven-aether-provider-3.0.jar;F:\maven\repmavenidea\org\sonatype\aether\aether-impl\1.7\aether-impl-1.7.jar;F:\maven\repmavenidea\org\sonatype\aether\aether-spi\1.7\aether-spi-1.7.jar;F:\maven\repmavenidea\org\sonatype\aether\aether-api\1.7\aether-api-1.7.jar;F:\maven\repmavenidea\org\sonatype\aether\aether-util\1.7\aether-util-1.7.jar;F:\maven\repmavenidea\org\sonatype\sisu\sisu-inject-plexus\1.4.2\sisu-inject-plexus-1.4.2.jar;F:\maven\repmavenidea\org\sonatype\sisu\sisu-inject-bean\1.4.2\sisu-inject-bean-1.4.2.jar;F:\maven\repmavenidea\org\sonatype\sisu\sisu-guice\2.1.7\sisu-guice-2.1.7-noaop.jar;F:\maven\repmavenidea\org\codehaus\plexus\plexus-classworlds\2.2.3\plexus-classworlds-2.2.3.jar;F:\maven\repmavenidea\org\sonatype\plexus\plexus-sec-dispatcher\1.3\plexus-sec-dispatcher-1.3.jar;F:\maven\repmavenidea\org\sonatype\plexus\plexus-cipher\1.4\plexus-cipher-1.4.jar;F:\maven\repmavenidea\org\apache\maven\maven-model\3.0\maven-model-3.0.jar;F:\maven\repmavenidea\org\apache\maven\maven-plugin-api\3.0\maven-plugin-api-3.0.jar;F:\maven\repmavenidea\org\apache\maven\reporting\maven-reporting-api\3.0\maven-reporting-api-3.0.jar;F:\maven\repmavenidea\org\apache\maven\reporting\maven-reporting-impl\2.3\maven-reporting-impl-2.3.jar;F:\maven\repmavenidea\org\apache\maven\shared\maven-shared-utils\0.6\maven-shared-utils-0.6.jar;F:\maven\repmavenidea\com\google\code\findbugs\jsr305\2.0.1\jsr305-2.0.1.jar;F:\maven\repmavenidea\org\apache\maven\doxia\doxia-core\1.2\doxia-core-1.2.jar;F:\maven\repmavenidea\xerces\xercesImpl\2.9.1\xercesImpl-2.9.1.jar;F:\maven\repmavenidea\xml-apis\xml-apis\1.3.04\xml-apis-1.3.04.jar;F:\maven\repmavenidea\commons-validator\commons-validator\1.3.1\commons-validator-1.3.1.jar;F:\maven\repmavenidea\commons-digester\commons-digester\1.6\commons-digester-1.6.jar;F:\maven\repmavenidea\commons-logging\commons-logging\1.0.4\commons-logging-1.0.4.jar;F:\maven\repmavenidea\org\apache\maven\doxia\doxia-sink-api\1.4\doxia-sink-api-1.4.jar;F:\maven\repmavenidea\org\apache\maven\doxia\doxia-logging-api\1.4\doxia-logging-api-1.4.jar;F:\maven\repmavenidea\org\apache\maven\doxia\doxia-decoration-model\1.4\doxia-decoration-model-1.4.jar;F:\maven\repmavenidea\org\apache\maven\doxia\doxia-site-renderer\1.4\doxia-site-renderer-1.4.jar;F:\maven\repmavenidea\org\apache\maven\doxia\doxia-module-xhtml\1.4\doxia-module-xhtml-1.4.jar;F:\maven\repmavenidea\org\apache\maven\doxia\doxia-module-fml\1.4\doxia-module-fml-1.4.jar;F:\maven\repmavenidea\org\codehaus\plexus\plexus-i18n\1.0-beta-7\plexus-i18n-1.0-beta-7.jar;F:\maven\repmavenidea\org\apache\velocity\velocity-tools\2.0\velocity-tools-2.0.jar;F:\maven\repmavenidea\commons-chain\commons-chain\1.1\commons-chain-1.1.jar;F:\maven\repmavenidea\dom4j\dom4j\1.1\dom4j-1.1.jar;F:\maven\repmavenidea\sslext\sslext\1.2-0\sslext-1.2-0.jar;F:\maven\repmavenidea\org\apache\struts\struts-core\1.3.8\struts-core-1.3.8.jar;F:\maven\repmavenidea\org\apache\struts\struts-taglib\1.3.8\struts-taglib-1.3.8.jar;F:\maven\repmavenidea\org\apache\struts\struts-tiles\1.3.8\struts-tiles-1.3.8.jar;F:\maven\repmavenidea\org\apache\maven\doxia\doxia-integration-tools\1.6\doxia-integration-tools-1.6.jar;F:\maven\repmavenidea\org\codehaus\plexus\plexus-container-default\1.0-alpha-9\plexus-container-default-1.0-alpha-9.jar;F:\maven\repmavenidea\junit\junit\4.12\junit-4.12.jar;F:\maven\repmavenidea\org\hamcrest\hamcrest-core\2.1\hamcrest-core-2.1.jar;F:\maven\repmavenidea\classworlds\classworlds\1.1-alpha-2\classworlds-1.1-alpha-2.jar;F:\maven\repmavenidea\org\codehaus\plexus\plexus-component-annotations\1.7.1\plexus-component-annotations-1.7.1.jar;F:\maven\repmavenidea\org\codehaus\plexus\plexus-resources\1.1.0\plexus-resources-1.1.0.jar;F:\maven\repmavenidea\org\codehaus\plexus\plexus-utils\3.0.24\plexus-utils-3.0.24.jar;F:\maven\repmavenidea\org\codehaus\plexus\plexus-interpolation\1.24\plexus-interpolation-1.24.jar;F:\maven\repmavenidea\org\codehaus\plexus\plexus-velocity\1.1.8\plexus-velocity-1.1.8.jar;F:\maven\repmavenidea\com\puppycrawl\tools\checkstyle\8.19\checkstyle-8.19.jar;F:\maven\repmavenidea\info\picocli\picocli\3.9.5\picocli-3.9.5.jar;F:\maven\repmavenidea\antlr\antlr\2.7.7\antlr-2.7.7.jar;F:\maven\repmavenidea\org\antlr\antlr4-runtime\4.7.2\antlr4-runtime-4.7.2.jar;F:\maven\repmavenidea\com\google\guava\guava\27.1-jre\guava-27.1-jre.jar;F:\maven\repmavenidea\com\google\guava\failureaccess\1.0.1\failureaccess-1.0.1.jar;F:\maven\repmavenidea\com\google\guava\listenablefuture\9999.0-empty-to-avoid-conflict-with-guava\listenablefuture-9999.0-empty-to-avoid-conflict-with-guava.jar;F:\maven\repmavenidea\org\checkerframework\checker-qual\2.5.2\checker-qual-2.5.2.jar;F:\maven\repmavenidea\com\google\errorprone\error_prone_annotations\2.2.0\error_prone_annotations-2.2.0.jar;F:\maven\repmavenidea\com\google\j2objc\j2objc-annotations\1.1\j2objc-annotations-1.1.jar;F:\maven\repmavenidea\org\codehaus\mojo\animal-sniffer-annotations\1.17\animal-sniffer-annotations-1.17.jar;F:\maven\repmavenidea\net\sf\saxon\Saxon-HE\9.9.1-2\Saxon-HE-9.9.1-2.jar;F:\maven\repmavenidea\com\ibm\icu\icu4j\63.1\icu4j-63.1.jar;F:\maven\repmavenidea\org\apache\velocity\velocity\1.5\velocity-1.5.jar;F:\maven\repmavenidea\commons-lang\commons-lang\2.1\commons-lang-2.1.jar;F:\maven\repmavenidea\oro\oro\2.0.8\oro-2.0.8.jar;F:\maven\repmavenidea\commons-collections\commons-collections\3.2.1\commons-collections-3.2.1.jar;F:\maven\repmavenidea\org\apache\maven\plugins\maven-source-plugin\3.2.1\maven-source-plugin-3.2.1.jar;F:\maven\repmavenidea\org\apache\maven\maven-archiver\3.5.0\maven-archiver-3.5.0.jar;F:\maven\repmavenidea\org\codehaus\plexus\plexus-archiver\4.2.1\plexus-archiver-4.2.1.jar;F:\maven\repmavenidea\org\apache\commons\commons-compress\1.19\commons-compress-1.19.jar;F:\maven\repmavenidea\org\iq80\snappy\snappy\0.4\snappy-0.4.jar;F:\maven\repmavenidea\org\tukaani\xz\1.8\xz-1.8.jar;F:\maven\repmavenidea\org\apache\maven\plugins\maven-javadoc-plugin\3.2.0\maven-javadoc-plugin-3.2.0.jar;F:\maven\repmavenidea\org\apache\maven\maven-settings\3.0\maven-settings-3.0.jar;F:\maven\repmavenidea\org\apache\maven\shared\maven-invoker\3.0.0\maven-invoker-3.0.0.jar;F:\maven\repmavenidea\org\apache\maven\shared\maven-common-artifact-filters\3.0.0\maven-common-artifact-filters-3.0.0.jar;F:\maven\repmavenidea\org\apache\maven\shared\maven-artifact-transfer\0.10.1\maven-artifact-transfer-0.10.1.jar;F:\maven\repmavenidea\commons-codec\commons-codec\1.13\commons-codec-1.13.jar;F:\maven\repmavenidea\org\apache\maven\wagon\wagon-provider-api\2.4\wagon-provider-api-2.4.jar;F:\maven\repmavenidea\org\apache\commons\commons-lang3\3.9\commons-lang3-3.9.jar;F:\maven\repmavenidea\commons-io\commons-io\2.5\commons-io-2.5.jar;F:\maven\repmavenidea\org\apache\httpcomponents\httpclient\4.5.12\httpclient-4.5.12.jar;F:\maven\repmavenidea\org\apache\httpcomponents\httpcore\4.4.13\httpcore-4.4.13.jar;F:\maven\repmavenidea\com\thoughtworks\qdox\qdox\2.0-M10\qdox-2.0-M10.jar;F:\maven\repmavenidea\org\codehaus\plexus\plexus-java\1.0.5\plexus-java-1.0.5.jar;F:\maven\repmavenidea\org\codehaus\plexus\plexus-io\3.2.0\plexus-io-3.2.0.jar;F:\maven\repmavenidea\org\codehaus\plexus\plexus-interactivity-api\1.0-alpha-6\plexus-interactivity-api-1.0-alpha-6.jar;F:\maven\repmavenidea\org\apache\maven\plugins\maven-surefire-plugin\2.22.0\maven-surefire-plugin-2.22.0.jar;F:\maven\repmavenidea\org\apache\maven\surefire\maven-surefire-common\2.22.0\maven-surefire-common-2.22.0.jar;F:\maven\repmavenidea\org\apache\maven\plugin-tools\maven-plugin-annotations\3.5\maven-plugin-annotations-3.5.jar;F:\maven\repmavenidea\org\apache\maven\surefire\surefire-api\2.22.0\surefire-api-2.22.0.jar;F:\maven\repmavenidea\org\apache\maven\surefire\surefire-logger-api\2.22.0\surefire-logger-api-2.22.0.jar;F:\maven\repmavenidea\org\apache\maven\surefire\surefire-booter\2.22.0\surefire-booter-2.22.0.jar;F:\maven\repmavenidea\org\apache\maven\maven-plugin-descriptor\2.2.1\maven-plugin-descriptor-2.2.1.jar;F:\maven\repmavenidea\org\apache\maven\maven-project\2.2.1\maven-project-2.2.1.jar;F:\maven\repmavenidea\org\apache\maven\maven-profile\2.2.1\maven-profile-2.2.1.jar;F:\maven\repmavenidea\org\apache\maven\maven-artifact-manager\2.2.1\maven-artifact-manager-2.2.1.jar;F:\maven\repmavenidea\backport-util-concurrent\backport-util-concurrent\3.1\backport-util-concurrent-3.1.jar;F:\maven\repmavenidea\org\apache\maven\maven-plugin-registry\2.2.1\maven-plugin-registry-2.2.1.jar;F:\maven\repmavenidea\org\apache\maven\maven-toolchain\2.2.1\maven-toolchain-2.2.1.jar;F:\maven\repmavenidea\org\apache\shiro\shiro-spring-boot-web-starter\1.6.0\shiro-spring-boot-web-starter-1.6.0.jar;F:\maven\repmavenidea\org\apache\shiro\shiro-spring-boot-starter\1.6.0\shiro-spring-boot-starter-1.6.0.jar;F:\maven\repmavenidea\org\apache\shiro\shiro-spring\1.6.0\shiro-spring-1.6.0.jar;F:\maven\repmavenidea\org\apache\shiro\shiro-web\1.6.0\shiro-web-1.6.0.jar;F:\maven\repmavenidea\org\owasp\encoder\encoder\1.2.2\encoder-1.2.2.jar;F:\maven\repmavenidea\cn\hutool\hutool-all\5.3.3\hutool-all-5.3.3.jar;F:\maven\repmavenidea\io\jsonwebtoken\jjwt\0.9.1\jjwt-0.9.1.jar;F:\maven\repmavenidea\com\fasterxml\jackson\core\jackson-databind\2.10.3\jackson-databind-2.10.3.jar;F:\maven\repmavenidea\com\fasterxml\jackson\core\jackson-annotations\2.10.3\jackson-annotations-2.10.3.jar;F:\maven\repmavenidea\com\fasterxml\jackson\core\jackson-core\2.10.3\jackson-core-2.10.3.jar;"/>
    <property name="sun.cpu.endian" value="little"/>
    <property name="user.home" value="C:\Users\Administrator"/>
    <property name="user.language" value="zh"/>
    <property name="java.specification.vendor" value="Oracle Corporation"/>
    <property name="java.home" value="C:\Program Files\Java\jre1.8.0_231"/>
    <property name="basedir" value="F:\idea workspace\vueblog"/>
    <property name="file.separator" value="\"/>
    <property name="line.separator" value="&#10;"/>
    <property name="java.vm.specification.vendor" value="Oracle Corporation"/>
    <property name="java.specification.name" value="Java Platform API Specification"/>
    <property name="java.awt.graphicsenv" value="sun.awt.Win32GraphicsEnvironment"/>
    <property name="idea.version2020.1.2" value="true"/>
    <property name="surefire.real.class.path" value="C:\Users\ADMINI~1\AppData\Local\Temp\surefire404134750760165253\surefirebooter5011326089571539150.jar"/>
    <property name="sun.boot.class.path" value="C:\Program Files\Java\jre1.8.0_231\lib\resources.jar;C:\Program Files\Java\jre1.8.0_231\lib\rt.jar;C:\Program Files\Java\jre1.8.0_231\lib\sunrsasign.jar;C:\Program Files\Java\jre1.8.0_231\lib\jsse.jar;C:\Program Files\Java\jre1.8.0_231\lib\jce.jar;C:\Program Files\Java\jre1.8.0_231\lib\charsets.jar;C:\Program Files\Java\jre1.8.0_231\lib\jfr.jar;C:\Program Files\Java\jre1.8.0_231\classes"/>
    <property name="user.script" value=""/>
    <property name="sun.management.compiler" value="HotSpot 64-Bit Tiered Compilers"/>
    <property name="java.runtime.version" value="1.8.0_231-b11"/>
    <property name="user.name" value="Administrator"/>
    <property name="path.separator" value=";"/>
    <property name="os.version" value="10.0"/>
    <property name="java.endorsed.dirs" value="C:\Program Files\Java\jre1.8.0_231\lib\endorsed"/>
    <property name="java.runtime.name" value="Java(TM) SE Runtime Environment"/>
    <property name="file.encoding" value="GBK"/>
    <property name="java.vm.name" value="Java HotSpot(TM) 64-Bit Server VM"/>
    <property name="localRepository" value="F:\maven\repmavenidea"/>
    <property name="java.vendor.url.bug" value="http://bugreport.sun.com/bugreport/"/>
    <property name="java.io.tmpdir" value="C:\Users\ADMINI~1\AppData\Local\Temp\"/>
    <property name="java.version" value="1.8.0_231"/>
    <property name="user.dir" value="F:\idea workspace\vueblog"/>
    <property name="os.arch" value="amd64"/>
    <property name="java.vm.specification.name" value="Java Virtual Machine Specification"/>
    <property name="java.awt.printerjob" value="sun.awt.windows.WPrinterJob"/>
    <property name="sun.os.patch.level" value=""/>
    <property name="java.library.path" value="C:\Program Files\Java\jre1.8.0_231\bin;C:\WINDOWS\Sun\Java\bin;C:\WINDOWS\system32;C:\WINDOWS;F:\xshell\;C:\Program Files (x86)\Common Files\Oracle\Java\javapath;C:\WINDOWS\system32;C:\WINDOWS;C:\WINDOWS\System32\Wbem;C:\WINDOWS\System32\WindowsPowerShell\v1.0\;C:\Program Files\Microsoft SQL Server\110\Tools\Binn\;C:\Program Files\dotnet\;C:\WINDOWS\System32\OpenSSH\;C:\Program Files\Java\jdk1.8.0_221\bin;F:\ADT-23.0.7\tools;F:\Git\cmd;C:\Program Files (x86)\Graphviz2.38\bin;C:\Program Files\MySQL\MySQL Server 8.0\bin;F:\maven\apache-maven-3.6.3\bin;C:\Program Files\nodejs\;F:\erl-23.1.2\bin;C:\Users\Administrator\AppData\Local\Programs\Python\Python37\;C:\Program Files\TortoiseSVN\bin;C:\Program Files\MySQL\MySQL Shell 8.0\bin\;C:\Users\Administrator\AppData\Local\Programs\Python\Python37\Scripts\;C:\Users\Administrator\AppData\Local\Programs\Python\Python37\;C:\Users\Administrator\AppData\Local\Microsoft\WindowsApps;F:\IntelliJ IDEA Community Edition 2020.1.2\bin;;F:\IntelliJ IDEA 2020.1.2\bin;;C:\Users\Administrator\AppData\Roaming\npm;C:\Program Files\nodejs;;D:\Microsoft VS Code\bin;."/>
    <property name="java.vm.info" value="mixed mode"/>
    <property name="java.vendor" value="Oracle Corporation"/>
    <property name="java.vm.version" value="25.231-b11"/>
    <property name="java.ext.dirs" value="C:\Program Files\Java\jre1.8.0_231\lib\ext;C:\WINDOWS\Sun\Java\lib\ext"/>
    <property name="sun.io.unicode.encoding" value="UnicodeLittle"/>
    <property name="java.class.version" value="52.0"/>
  </properties>
  <testcase name="contextLoads" classname="com.hxq.vueblog.VueblogApplicationTests" time="1.348"/>
</testsuite>